[
  {
    "level_": 0,
    "message_": "android.ndkVersion from module build.gradle is [25.2.9519653]",
    "file_": "",
    "tag_": "",
    "diagnosticCode_": 0,
    "memoizedIsInitialized": 1,
    "unknownFields": {
      "fields": {},
      "fieldsDescending": {}
    },
    "memoizedSize": -1,
    "memoizedHashCode": -754515970
  },
  {
    "level_": 0,
    "message_": "android.ndkPath from module build.gradle is not set",
    "file_": "",
    "tag_": "",
    "diagnosticCode_": 0,
    "memoizedIsInitialized": 1,
    "unknownFields": {
      "fields": {},
      "fieldsDescending": {}
    },
    "memoizedSize": -1,
    "memoizedHashCode": 1344703549
  },
  {
    "level_": 0,
    "message_": "ndk.dir in local.properties is not set",
    "file_": "",
    "tag_": "",
    "diagnosticCode_": 0,
    "memoizedIsInitialized": 1,
    "unknownFields": {
      "fields": {},
      "fieldsDescending": {}
    },
    "memoizedSize": -1,
    "memoizedHashCode": 2049164742
  },
  {
    "level_": 0,
    "message_": "Not considering ANDROID_NDK_HOME because support was removed after deprecation period.",
    "file_": "",
    "tag_": "",
    "diagnosticCode_": 0,
    "memoizedIsInitialized": 1,
    "unknownFields": {
      "fields": {},
      "fieldsDescending": {}
    },
    "memoizedSize": -1,
    "memoizedHashCode": -382988484
  },
  {
    "level_": 0,
    "message_": "sdkFolder is /Users/vkas/Library/Android/sdk",
    "file_": "",
    "tag_": "",
    "diagnosticCode_": 0,
    "memoizedIsInitialized": 1,
    "unknownFields": {
      "fields": {},
      "fieldsDescending": {}
    },
    "memoizedSize": -1,
    "memoizedHashCode": 1709249202
  }
]